<?xml version="1.0" encoding="UTF-8"?>
<testng-results total="4" passed="4" failed="0" skipped="0">
  <reporter-output>
  </reporter-output>
  <suite started-at="2022-03-16T06:45:12Z" name="Default suite" finished-at="2022-03-16T06:45:28Z" duration-ms="16104">
    <groups>
    </groups>
    <test started-at="2022-03-16T06:45:12Z" name="Default test" finished-at="2022-03-16T06:45:28Z" duration-ms="16104">
      <class name="RestTesting.E_commerce">
        <test-method signature="signup()[pri:0, instance:RestTesting.E_commerce@53251a66]" started-at="2022-03-16T12:15:12Z" name="signup" finished-at="2022-03-16T12:15:20Z" duration-ms="7540" status="PASS">
          <reporter-output>
          </reporter-output>
        </test-method> <!-- signup -->
        <test-method signature="Login()[pri:1, instance:RestTesting.E_commerce@53251a66]" started-at="2022-03-16T12:15:20Z" name="Login" finished-at="2022-03-16T12:15:24Z" duration-ms="3990" status="PASS">
          <reporter-output>
          </reporter-output>
        </test-method> <!-- Login -->
        <test-method signature="getallusers()[pri:2, instance:RestTesting.E_commerce@53251a66]" started-at="2022-03-16T12:15:24Z" name="getallusers" finished-at="2022-03-16T12:15:27Z" duration-ms="2827" status="PASS">
          <reporter-output>
          </reporter-output>
        </test-method> <!-- getallusers -->
        <test-method signature="delete()[pri:3, instance:RestTesting.E_commerce@53251a66]" started-at="2022-03-16T12:15:27Z" name="delete" finished-at="2022-03-16T12:15:28Z" duration-ms="1707" status="PASS">
          <reporter-output>
          </reporter-output>
        </test-method> <!-- delete -->
      </class> <!-- RestTesting.E_commerce -->
    </test> <!-- Default test -->
  </suite> <!-- Default suite -->
</testng-results>
