<?xml version="1.0" encoding="UTF-8"?>
<!-- Generated by org.testng.reporters.JUnitXMLReporter -->
<testsuite hostname="DESKTOP-10G2ADP" failures="0" tests="4" name="Default test" time="16.104" errors="0" timestamp="16 Mar 2022 06:45:28 GMT">
  <testcase classname="RestTesting.E_commerce" name="signup" time="7.54"/>
  <testcase classname="RestTesting.E_commerce" name="Login" time="3.99"/>
  <testcase classname="RestTesting.E_commerce" name="getallusers" time="2.827"/>
  <testcase classname="RestTesting.E_commerce" name="delete" time="1.707"/>
</testsuite> <!-- Default test -->
